-------------------------------------------------------------------------------
Test set: com.mycalculator.tests.ExprCommandExecutorTest
-------------------------------------------------------------------------------
Tests run: 14, Failures: 1, Errors: 0, Skipped: 0, Time elapsed: 0.155 s <<< FAILURE! - in com.mycalculator.tests.ExprCommandExecutorTest
com.mycalculator.tests.ExprCommandExecutorTest.testExprLargeNumbers  Time elapsed: 0.011 s  <<< FAILURE!
org.opentest4j.AssertionFailedError: expr should return 0 for overflow/wrap-around for this specific expr version ==> expected: <0> but was: <9223372036854775808>
	at com.mycalculator.tests.ExprCommandExecutorTest.testExprLargeNumbers(ExprCommandExecutorTest.java:138)

